


ARM Macro Assembler    Page 1 


    1 00000000                 AREA             Signal, DATA, READONLY
    2 00000000                 export           TabSig1
    3 00000000         ; fonction cosinus, frequence relative 1, phase -45 degr
                       es, amplitude max
    4 00000000         ; valeurs attendues pour k = 1 :
    5 00000000         ; Re 0x5A82562C env +sqrt(0.5) * 2^31
    6 00000000         ; Im 0x5A82562C env +sqrt(0.5) * 2^31
    7 00000000         ; M2 0x3FFFCDE5 env 2^30
    8 00000000         ; pour 1 < k < 63
    9 00000000         ; M2    < 0x0000000F
   10 00000000         
   11 00000000         TabSig1
   12 00000000 A8 0D           dcw              0x0da8      ;  0   3496  0.8535
                                                            2
   13 00000002 2F 0E           dcw              0x0e2f      ;  1   3631  0.8864
                                                            7
   14 00000004 A7 0E           dcw              0x0ea7      ;  2   3751  0.9157
                                                            7
   15 00000006 0E 0F           dcw              0x0f0e      ;  3   3854  0.9409
                                                            2
   16 00000008 64 0F           dcw              0x0f64      ;  4   3940  0.9619
                                                            1
   17 0000000A A8 0F           dcw              0x0fa8      ;  5   4008  0.9785
                                                            2
   18 0000000C D9 0F           dcw              0x0fd9      ;  6   4057  0.9904
                                                            8
   19 0000000E F6 0F           dcw              0x0ff6      ;  7   4086  0.9975
                                                            6
   20 00000010 FF 0F           dcw              0x0fff      ;  8   4095  0.9997
                                                            6
   21 00000012 F6 0F           dcw              0x0ff6      ;  9   4086  0.9975
                                                            6
   22 00000014 D9 0F           dcw              0x0fd9      ; 10   4057  0.9904
                                                            8
   23 00000016 A8 0F           dcw              0x0fa8      ; 11   4008  0.9785
                                                            2
   24 00000018 64 0F           dcw              0x0f64      ; 12   3940  0.9619
                                                            1
   25 0000001A 0E 0F           dcw              0x0f0e      ; 13   3854  0.9409
                                                            2
   26 0000001C A7 0E           dcw              0x0ea7      ; 14   3751  0.9157
                                                            7
   27 0000001E 2F 0E           dcw              0x0e2f      ; 15   3631  0.8864
                                                            7
   28 00000020 A8 0D           dcw              0x0da8      ; 16   3496  0.8535
                                                            2
   29 00000022 13 0D           dcw              0x0d13      ; 17   3347  0.8171
                                                            4
   30 00000024 72 0C           dcw              0x0c72      ; 18   3186  0.7778
                                                            3
   31 00000026 C5 0B           dcw              0x0bc5      ; 19   3013  0.7356
                                                            0
   32 00000028 10 0B           dcw              0x0b10      ; 20   2832  0.6914
                                                            1
   33 0000002A 53 0A           dcw              0x0a53      ; 21   2643  0.6452
                                                            6
   34 0000002C 90 09           dcw              0x0990      ; 22   2448  0.5976
                                                            6
   35 0000002E C9 08           dcw              0x08c9      ; 23   2249  0.5490



ARM Macro Assembler    Page 2 


                                                            7
   36 00000030 00 08           dcw              0x0800      ; 24   2048  0.5000
                                                            0
   37 00000032 37 07           dcw              0x0737      ; 25   1847  0.4509
                                                            3
   38 00000034 70 06           dcw              0x0670      ; 26   1648  0.4023
                                                            4
   39 00000036 AD 05           dcw              0x05ad      ; 27   1453  0.3547
                                                            4
   40 00000038 F0 04           dcw              0x04f0      ; 28   1264  0.3085
                                                            9
   41 0000003A 3B 04           dcw              0x043b      ; 29   1083  0.2644
                                                            0
   42 0000003C 8E 03           dcw              0x038e      ; 30    910  0.2221
                                                            7
   43 0000003E ED 02           dcw              0x02ed      ; 31    749  0.1828
                                                            6
   44 00000040 58 02           dcw              0x0258      ; 32    600  0.1464
                                                            8
   45 00000042 D1 01           dcw              0x01d1      ; 33    465  0.1135
                                                            3
   46 00000044 59 01           dcw              0x0159      ; 34    345  0.0842
                                                            3
   47 00000046 F2 00           dcw              0x00f2      ; 35    242  0.0590
                                                            8
   48 00000048 9C 00           dcw              0x009c      ; 36    156  0.0380
                                                            9
   49 0000004A 58 00           dcw              0x0058      ; 37     88  0.0214
                                                            8
   50 0000004C 27 00           dcw              0x0027      ; 38     39  0.0095
                                                            2
   51 0000004E 0A 00           dcw              0x000a      ; 39     10  0.0024
                                                            4
   52 00000050 00 00           dcw              0x0000      ; 40      0  0.0000
                                                            0
   53 00000052 0A 00           dcw              0x000a      ; 41     10  0.0024
                                                            4
   54 00000054 27 00           dcw              0x0027      ; 42     39  0.0095
                                                            2
   55 00000056 58 00           dcw              0x0058      ; 43     88  0.0214
                                                            8
   56 00000058 9C 00           dcw              0x009c      ; 44    156  0.0380
                                                            9
   57 0000005A F2 00           dcw              0x00f2      ; 45    242  0.0590
                                                            8
   58 0000005C 59 01           dcw              0x0159      ; 46    345  0.0842
                                                            3
   59 0000005E D1 01           dcw              0x01d1      ; 47    465  0.1135
                                                            3
   60 00000060 58 02           dcw              0x0258      ; 48    600  0.1464
                                                            8
   61 00000062 ED 02           dcw              0x02ed      ; 49    749  0.1828
                                                            6
   62 00000064 8E 03           dcw              0x038e      ; 50    910  0.2221
                                                            7
   63 00000066 3B 04           dcw              0x043b      ; 51   1083  0.2644
                                                            0
   64 00000068 F0 04           dcw              0x04f0      ; 52   1264  0.3085
                                                            9



ARM Macro Assembler    Page 3 


   65 0000006A AD 05           dcw              0x05ad      ; 53   1453  0.3547
                                                            4
   66 0000006C 70 06           dcw              0x0670      ; 54   1648  0.4023
                                                            4
   67 0000006E 37 07           dcw              0x0737      ; 55   1847  0.4509
                                                            3
   68 00000070 00 08           dcw              0x0800      ; 56   2048  0.5000
                                                            0
   69 00000072 C9 08           dcw              0x08c9      ; 57   2249  0.5490
                                                            7
   70 00000074 90 09           dcw              0x0990      ; 58   2448  0.5976
                                                            6
   71 00000076 53 0A           dcw              0x0a53      ; 59   2643  0.6452
                                                            6
   72 00000078 10 0B           dcw              0x0b10      ; 60   2832  0.6914
                                                            1
   73 0000007A C5 0B           dcw              0x0bc5      ; 61   3013  0.7356
                                                            0
   74 0000007C 72 0C           dcw              0x0c72      ; 62   3186  0.7778
                                                            3
   75 0000007E 13 0D           dcw              0x0d13      ; 63   3347  0.8171
                                                            4
   76 00000080                 end
Command Line: --debug --xref --diag_suppress=9931 --cpu=Cortex-M3 --apcs=interw
ork --depend=.\obj\f1p-45.d -o.\obj\f1p-45.o -I.\RTE\_Simu -I"C:\Users\Nahom Be
lay\AppData\Local\Arm\Packs\ARM\CMSIS\5.6.0\CMSIS\Core\Include" -I"C:\Users\Nah
om Belay\AppData\Local\Arm\Packs\Keil\STM32F1xx_DFP\2.3.0\Device\Include" --pre
define="__EVAL SETA 1" --predefine="__MICROLIB SETA 1" --predefine="__UVISION_V
ERSION SETA 529" --predefine="_RTE_ SETA 1" --predefine="STM32F10X_MD SETA 1" -
-list=f1p-45.lst test_DFT\f1p-45.asm



ARM Macro Assembler    Page 1 Alphabetic symbol ordering
Relocatable symbols

Signal 00000000

Symbol: Signal
   Definitions
      At line 1 in file test_DFT\f1p-45.asm
   Uses
      None
Comment: Signal unused
TabSig1 00000000

Symbol: TabSig1
   Definitions
      At line 11 in file test_DFT\f1p-45.asm
   Uses
      At line 2 in file test_DFT\f1p-45.asm
Comment: TabSig1 used once
2 symbols
337 symbols in table
